<?xml version="1.0" encoding="UTF-8"?>
<testng-results ignored="0" total="1" passed="1" failed="0" skipped="0">
  <reporter-output>
  </reporter-output>
  <suite started-at="2023-03-25T11:05:19 IST" name="Default suite" finished-at="2023-03-25T11:05:19 IST" duration-ms="75">
    <groups>
    </groups>
    <test started-at="2023-03-25T11:05:19 IST" name="Default test" finished-at="2023-03-25T11:05:19 IST" duration-ms="75">
      <class name="practice.Testing">
        <test-method signature="Agaian()[pri:0, instance:practice.Testing@318ba8c8]" started-at="2023-03-25T11:05:19 IST" name="Agaian" finished-at="2023-03-25T11:05:19 IST" duration-ms="13" status="PASS">
          <reporter-output>
          </reporter-output>
        </test-method> <!-- Agaian -->
      </class> <!-- practice.Testing -->
    </test> <!-- Default test -->
  </suite> <!-- Default suite -->
</testng-results>
