<?xml version="1.0" encoding="UTF-8"?>
<testng-results ignored="0" total="1" passed="1" failed="0" skipped="0">
  <reporter-output>
  </reporter-output>
  <suite started-at="2023-03-23T10:35:33 IST" name="Default suite" finished-at="2023-03-23T10:35:33 IST" duration-ms="113">
    <groups>
    </groups>
    <test started-at="2023-03-23T10:35:33 IST" name="Default test" finished-at="2023-03-23T10:35:33 IST" duration-ms="113">
      <class name="practice.PracticTest">
        <test-method signature="sample()[pri:0, instance:practice.PracticTest@4df50bcc]" started-at="2023-03-23T10:35:33 IST" name="sample" finished-at="2023-03-23T10:35:33 IST" duration-ms="18" status="PASS">
          <reporter-output>
          </reporter-output>
        </test-method> <!-- sample -->
      </class> <!-- practice.PracticTest -->
    </test> <!-- Default test -->
  </suite> <!-- Default suite -->
</testng-results>
